E, [2015-02-19T01:48:21.758810 #5653] ERROR -- Kitchen: ------Exception-------
E, [2015-02-19T01:48:21.759173 #5653] ERROR -- Kitchen: Class: Kitchen::UserError
E, [2015-02-19T01:48:21.759307 #5653] ERROR -- Kitchen: Message: Kitchen YAML file /vagrant_chef_data/cookbooks/.kitchen.yml does not exist.
E, [2015-02-19T01:48:21.759447 #5653] ERROR -- Kitchen: ------Backtrace-------
E, [2015-02-19T01:48:21.759541 #5653] ERROR -- Kitchen: /opt/chefdk/embedded/apps/test-kitchen/lib/kitchen/loader/yaml.rb:74:in `read'
E, [2015-02-19T01:48:21.759650 #5653] ERROR -- Kitchen: /opt/chefdk/embedded/apps/test-kitchen/lib/kitchen/config.rb:139:in `data'
E, [2015-02-19T01:48:21.759748 #5653] ERROR -- Kitchen: /opt/chefdk/embedded/apps/test-kitchen/lib/kitchen/config.rb:118:in `suites'
E, [2015-02-19T01:48:21.759844 #5653] ERROR -- Kitchen: /opt/chefdk/embedded/apps/test-kitchen/lib/kitchen/config.rb:169:in `filter_instances'
E, [2015-02-19T01:48:21.759938 #5653] ERROR -- Kitchen: /opt/chefdk/embedded/apps/test-kitchen/lib/kitchen/config.rb:128:in `build_instances'
E, [2015-02-19T01:48:21.760032 #5653] ERROR -- Kitchen: /opt/chefdk/embedded/apps/test-kitchen/lib/kitchen/config.rb:104:in `instances'
E, [2015-02-19T01:48:21.760126 #5653] ERROR -- Kitchen: /opt/chefdk/embedded/apps/test-kitchen/lib/kitchen/command.rb:115:in `filtered_instances'
E, [2015-02-19T01:48:21.760220 #5653] ERROR -- Kitchen: /opt/chefdk/embedded/apps/test-kitchen/lib/kitchen/command.rb:145:in `parse_subcommand'
E, [2015-02-19T01:48:21.760313 #5653] ERROR -- Kitchen: /opt/chefdk/embedded/apps/test-kitchen/lib/kitchen/command/list.rb:32:in `call'
E, [2015-02-19T01:48:21.760410 #5653] ERROR -- Kitchen: /opt/chefdk/embedded/apps/test-kitchen/lib/kitchen/cli.rb:56:in `perform'
E, [2015-02-19T01:48:21.760502 #5653] ERROR -- Kitchen: /opt/chefdk/embedded/apps/test-kitchen/lib/kitchen/cli.rb:97:in `list'
E, [2015-02-19T01:48:21.760596 #5653] ERROR -- Kitchen: /opt/chefdk/embedded/lib/ruby/gems/2.1.0/gems/thor-0.19.1/lib/thor/command.rb:27:in `run'
E, [2015-02-19T01:48:21.760690 #5653] ERROR -- Kitchen: /opt/chefdk/embedded/lib/ruby/gems/2.1.0/gems/thor-0.19.1/lib/thor/invocation.rb:126:in `invoke_command'
E, [2015-02-19T01:48:21.760783 #5653] ERROR -- Kitchen: /opt/chefdk/embedded/apps/test-kitchen/lib/kitchen/cli.rb:304:in `invoke_task'
E, [2015-02-19T01:48:21.760890 #5653] ERROR -- Kitchen: /opt/chefdk/embedded/lib/ruby/gems/2.1.0/gems/thor-0.19.1/lib/thor.rb:359:in `dispatch'
E, [2015-02-19T01:48:21.760984 #5653] ERROR -- Kitchen: /opt/chefdk/embedded/lib/ruby/gems/2.1.0/gems/thor-0.19.1/lib/thor/base.rb:440:in `start'
E, [2015-02-19T01:48:21.761066 #5653] ERROR -- Kitchen: /opt/chefdk/embedded/apps/test-kitchen/bin/kitchen:13:in `block in <top (required)>'
E, [2015-02-19T01:48:21.761147 #5653] ERROR -- Kitchen: /opt/chefdk/embedded/apps/test-kitchen/lib/kitchen/errors.rb:154:in `with_friendly_errors'
E, [2015-02-19T01:48:21.761215 #5653] ERROR -- Kitchen: /opt/chefdk/embedded/apps/test-kitchen/bin/kitchen:13:in `<top (required)>'
E, [2015-02-19T01:48:21.761286 #5653] ERROR -- Kitchen: /opt/chefdk/bin/kitchen:15:in `load'
E, [2015-02-19T01:48:21.761366 #5653] ERROR -- Kitchen: /opt/chefdk/bin/kitchen:15:in `<main>'
E, [2015-02-19T01:48:21.761433 #5653] ERROR -- Kitchen: ----------------------
E, [2015-02-19T01:49:57.356390 #5678] ERROR -- Kitchen: ------Exception-------
E, [2015-02-19T01:49:57.356743 #5678] ERROR -- Kitchen: Class: Kitchen::UserError
E, [2015-02-19T01:49:57.356863 #5678] ERROR -- Kitchen: Message: Kitchen YAML file /vagrant_chef_data/cookbooks/.kitchen.yml does not exist.
E, [2015-02-19T01:49:57.356964 #5678] ERROR -- Kitchen: ------Backtrace-------
E, [2015-02-19T01:49:57.357087 #5678] ERROR -- Kitchen: /opt/chefdk/embedded/apps/test-kitchen/lib/kitchen/loader/yaml.rb:74:in `read'
E, [2015-02-19T01:49:57.357193 #5678] ERROR -- Kitchen: /opt/chefdk/embedded/apps/test-kitchen/lib/kitchen/config.rb:139:in `data'
E, [2015-02-19T01:49:57.357307 #5678] ERROR -- Kitchen: /opt/chefdk/embedded/apps/test-kitchen/lib/kitchen/config.rb:118:in `suites'
E, [2015-02-19T01:49:57.357441 #5678] ERROR -- Kitchen: /opt/chefdk/embedded/apps/test-kitchen/lib/kitchen/config.rb:169:in `filter_instances'
E, [2015-02-19T01:49:57.357543 #5678] ERROR -- Kitchen: /opt/chefdk/embedded/apps/test-kitchen/lib/kitchen/config.rb:128:in `build_instances'
E, [2015-02-19T01:49:57.357676 #5678] ERROR -- Kitchen: /opt/chefdk/embedded/apps/test-kitchen/lib/kitchen/config.rb:104:in `instances'
E, [2015-02-19T01:49:57.357804 #5678] ERROR -- Kitchen: /opt/chefdk/embedded/apps/test-kitchen/lib/kitchen/command.rb:115:in `filtered_instances'
E, [2015-02-19T01:49:57.357938 #5678] ERROR -- Kitchen: /opt/chefdk/embedded/apps/test-kitchen/lib/kitchen/command.rb:145:in `parse_subcommand'
E, [2015-02-19T01:49:57.358064 #5678] ERROR -- Kitchen: /opt/chefdk/embedded/apps/test-kitchen/lib/kitchen/command/list.rb:32:in `call'
E, [2015-02-19T01:49:57.358198 #5678] ERROR -- Kitchen: /opt/chefdk/embedded/apps/test-kitchen/lib/kitchen/cli.rb:56:in `perform'
E, [2015-02-19T01:49:57.358338 #5678] ERROR -- Kitchen: /opt/chefdk/embedded/apps/test-kitchen/lib/kitchen/cli.rb:97:in `list'
E, [2015-02-19T01:49:57.358474 #5678] ERROR -- Kitchen: /opt/chefdk/embedded/lib/ruby/gems/2.1.0/gems/thor-0.19.1/lib/thor/command.rb:27:in `run'
E, [2015-02-19T01:49:57.358600 #5678] ERROR -- Kitchen: /opt/chefdk/embedded/lib/ruby/gems/2.1.0/gems/thor-0.19.1/lib/thor/invocation.rb:126:in `invoke_command'
E, [2015-02-19T01:49:57.358698 #5678] ERROR -- Kitchen: /opt/chefdk/embedded/apps/test-kitchen/lib/kitchen/cli.rb:304:in `invoke_task'
E, [2015-02-19T01:49:57.358829 #5678] ERROR -- Kitchen: /opt/chefdk/embedded/lib/ruby/gems/2.1.0/gems/thor-0.19.1/lib/thor.rb:359:in `dispatch'
E, [2015-02-19T01:49:57.358971 #5678] ERROR -- Kitchen: /opt/chefdk/embedded/lib/ruby/gems/2.1.0/gems/thor-0.19.1/lib/thor/base.rb:440:in `start'
E, [2015-02-19T01:49:57.359123 #5678] ERROR -- Kitchen: /opt/chefdk/embedded/apps/test-kitchen/bin/kitchen:13:in `block in <top (required)>'
E, [2015-02-19T01:49:57.359263 #5678] ERROR -- Kitchen: /opt/chefdk/embedded/apps/test-kitchen/lib/kitchen/errors.rb:154:in `with_friendly_errors'
E, [2015-02-19T01:49:57.359415 #5678] ERROR -- Kitchen: /opt/chefdk/embedded/apps/test-kitchen/bin/kitchen:13:in `<top (required)>'
E, [2015-02-19T01:49:57.359532 #5678] ERROR -- Kitchen: /opt/chefdk/bin/kitchen:15:in `load'
E, [2015-02-19T01:49:57.359683 #5678] ERROR -- Kitchen: /opt/chefdk/bin/kitchen:15:in `<main>'
E, [2015-02-19T01:49:57.359829 #5678] ERROR -- Kitchen: ----------------------
